2026-05-25 03:28:29 - main - INFO - c.p.e.o.OrderMicroserviceApplication - Starting OrderMicroserviceApplication v0.0.1-SNAPSHOT using Java 25.0.3 with PID 1 (/app/app.jar started by root in /app)
2026-05-25 03:28:29 - main - INFO - c.p.e.o.OrderMicroserviceApplication - The following 1 profile is active: "docker"
2026-05-25 03:28:29 - main - INFO - o.s.c.c.c.ConfigServerConfigDataLoader - Fetching config from server at : http://config-server:8888
2026-05-25 03:28:29 - main - INFO - o.s.c.c.c.ConfigServerConfigDataLoader - Located environment: name=application, profiles=[default], label=null, version=null, state=null
2026-05-25 03:28:29 - main - INFO - o.s.c.c.c.ConfigServerConfigDataLoader - Fetching config from server at : http://localhost:8888
2026-05-25 03:28:29 - main - INFO - o.s.c.c.c.ConfigServerConfigDataLoader - Exception on Url - http://localhost:8888:org.springframework.web.client.ResourceAccessException: I/O error on GET request for "http://localhost:8888/order-microservice/default": Connection refused. Will be trying the next url if available
2026-05-25 03:28:29 - main - WARN - o.s.c.c.c.ConfigServerConfigDataLoader - Could not locate PropertySource ([ConfigServerConfigDataResource@79d743e6 uris = array<String>['http://localhost:8888'], optional = true, profiles = 'default']): I/O error on GET request for "http://localhost:8888/order-microservice/default": Connection refused
2026-05-25 03:28:29 - main - INFO - o.s.c.c.c.ConfigServerConfigDataLoader - Fetching config from server at : http://config-server:8888
2026-05-25 03:28:29 - main - INFO - o.s.c.c.c.ConfigServerConfigDataLoader - Located environment: name=order-microservice, profiles=[docker], label=null, version=null, state=null
2026-05-25 03:28:29 - main - INFO - o.s.c.c.c.ConfigServerConfigDataLoader - Fetching config from server at : http://config-server:8888
2026-05-25 03:28:29 - main - INFO - o.s.c.c.c.ConfigServerConfigDataLoader - Located environment: name=order-microservice, profiles=[default], label=null, version=null, state=null
2026-05-25 03:28:29 - main - INFO - o.s.c.c.c.ConfigServerConfigDataLoader - Fetching config from server at : http://localhost:8888
2026-05-25 03:28:29 - main - INFO - o.s.c.c.c.ConfigServerConfigDataLoader - Exception on Url - http://localhost:8888:org.springframework.web.client.ResourceAccessException: I/O error on GET request for "http://localhost:8888/order-microservice/docker": Connection refused. Will be trying the next url if available
2026-05-25 03:28:29 - main - WARN - o.s.c.c.c.ConfigServerConfigDataLoader - Could not locate PropertySource ([ConfigServerConfigDataResource@53ac845a uris = array<String>['http://localhost:8888'], optional = true, profiles = 'docker']): I/O error on GET request for "http://localhost:8888/order-microservice/docker": Connection refused
2026-05-25 03:28:29 - main - INFO - o.s.c.c.c.ConfigServerConfigDataLoader - Fetching config from server at : http://localhost:8888
2026-05-25 03:28:29 - main - INFO - o.s.c.c.c.ConfigServerConfigDataLoader - Exception on Url - http://localhost:8888:org.springframework.web.client.ResourceAccessException: I/O error on GET request for "http://localhost:8888/order-microservice/default": Connection refused. Will be trying the next url if available
2026-05-25 03:28:29 - main - WARN - o.s.c.c.c.ConfigServerConfigDataLoader - Could not locate PropertySource ([ConfigServerConfigDataResource@5136207f uris = array<String>['http://localhost:8888'], optional = true, profiles = 'default']): I/O error on GET request for "http://localhost:8888/order-microservice/default": Connection refused
2026-05-25 03:28:34 - main - INFO - o.s.d.r.c.RepositoryConfigurationDelegate - Bootstrapping Spring Data JPA repositories in DEFAULT mode.
2026-05-25 03:28:35 - main - INFO - o.s.d.r.c.RepositoryConfigurationDelegate - Finished Spring Data repository scanning in 535 ms. Found 1 JPA repository interface.
2026-05-25 03:28:36 - main - INFO - o.s.cloud.context.scope.GenericScope - BeanFactory id=83256ec7-0d52-39de-b843-745e69602f0c
2026-05-25 03:28:37 - main - INFO - o.s.boot.tomcat.TomcatWebServer - Tomcat initialized with port 8083 (http)
2026-05-25 03:28:37 - main - INFO - o.a.catalina.core.StandardService - Starting service [Tomcat]
2026-05-25 03:28:37 - main - INFO - o.a.catalina.core.StandardEngine - Starting Servlet engine: [Apache Tomcat/11.0.21]
2026-05-25 03:28:37 - main - INFO - o.s.b.w.c.s.WebApplicationContextInitializer - Root WebApplicationContext: initialization completed in 8570 ms
2026-05-25 03:28:39 - main - INFO - org.hibernate.orm.jpa - HHH008540: Processing PersistenceUnitInfo [name: default]
2026-05-25 03:28:39 - main - INFO - org.hibernate.orm.core - HHH000001: Hibernate ORM core version 7.2.12.Final
2026-05-25 03:28:41 - main - INFO - o.s.o.j.p.SpringPersistenceUnitInfo - No LoadTimeWeaver setup: ignoring JPA class transformer
2026-05-25 03:28:41 - main - INFO - com.zaxxer.hikari.HikariDataSource - HikariPool-1 - Starting...
2026-05-25 03:28:42 - main - INFO - com.zaxxer.hikari.pool.HikariPool - HikariPool-1 - Added connection org.postgresql.jdbc.PgConnection@7ec75228
2026-05-25 03:28:42 - main - INFO - com.zaxxer.hikari.HikariDataSource - HikariPool-1 - Start completed.
2026-05-25 03:28:42 - main - WARN - org.hibernate.orm.deprecation - HHH90000025: PostgreSQLDialect does not need to be specified explicitly using 'hibernate.dialect' (remove the property setting and it will be selected by default)
2026-05-25 03:28:42 - main - INFO - o.hibernate.orm.connections.pooling - HHH10001005: Database info:
	Database JDBC URL [jdbc:postgresql://order_db:5432/orderdb]
	Database driver: PostgreSQL JDBC Driver
	Database dialect: PostgreSQLDialect
	Database version: 16.13
	Default catalog/schema: orderdb/public
	Autocommit mode: undefined/unknown
	Isolation level: READ_COMMITTED [default READ_COMMITTED]
	JDBC fetch size: none
	Pool: DataSourceConnectionProvider
	Minimum pool size: undefined/unknown
	Maximum pool size: undefined/unknown
2026-05-25 03:28:45 - main - INFO - org.hibernate.orm.core - HHH000489: No JTA platform available (set 'hibernate.transaction.jta.platform' to enable JTA platform integration)
2026-05-25 03:28:45 - main - INFO - o.s.o.j.LocalContainerEntityManagerFactoryBean - Initialized JPA EntityManagerFactory for persistence unit 'default'
2026-05-25 03:28:45 - main - INFO - o.s.d.j.r.q.QueryEnhancerFactories - Hibernate is in classpath; If applicable, HQL parser will be used.
2026-05-25 03:28:46 - main - WARN - o.s.b.j.a.JpaBaseConfiguration$JpaWebConfiguration - spring.jpa.open-in-view is enabled by default. Therefore, database queries may be performed during view rendering. Explicitly configure spring.jpa.open-in-view to disable this warning
2026-05-25 03:28:46 - main - INFO - o.s.c.o.FeignClientFactoryBean - For 'product-microservice' URL not provided. Will try picking an instance via load-balancing.
2026-05-25 03:28:49 - main - INFO - o.s.c.n.e.c.DiscoveryClientOptionalArgsConfiguration - Eureka HTTP Client uses RestClient.
2026-05-25 03:28:49 - main - WARN - o.s.c.l.c.LoadBalancerCacheAutoConfiguration$LoadBalancerCaffeineWarnLogger - Spring Cloud LoadBalancer is currently working with the default cache. While this cache implementation is useful for development and tests, it's recommended to use Caffeine cache in production.You can switch to using Caffeine cache, by adding it and org.springframework.cache.caffeine.CaffeineCacheManager to the classpath.
2026-05-25 03:28:49 - main - INFO - o.s.b.a.e.web.EndpointLinksResolver - Exposing 1 endpoint beneath base path '/actuator'
2026-05-25 03:28:49 - main - INFO - o.s.c.n.eureka.InstanceInfoFactory - Setting initial instance status as: STARTING
2026-05-25 03:28:49 - main - INFO - c.netflix.discovery.DiscoveryClient - Initializing Eureka in region us-east-1
2026-05-25 03:28:49 - main - INFO - c.n.d.s.r.aws.ConfigClusterResolver - Resolving eureka endpoints via configuration
2026-05-25 03:28:49 - main - INFO - c.netflix.discovery.DiscoveryClient - Disable delta property : false
2026-05-25 03:28:49 - main - INFO - c.netflix.discovery.DiscoveryClient - Single vip registry refresh property : null
2026-05-25 03:28:49 - main - INFO - c.netflix.discovery.DiscoveryClient - Force full registry fetch : false
2026-05-25 03:28:49 - main - INFO - c.netflix.discovery.DiscoveryClient - Application is null : false
2026-05-25 03:28:49 - main - INFO - c.netflix.discovery.DiscoveryClient - Registered Applications size is zero : true
2026-05-25 03:28:49 - main - INFO - c.netflix.discovery.DiscoveryClient - Application version is -1: true
2026-05-25 03:28:49 - main - INFO - c.netflix.discovery.DiscoveryClient - Getting all instance registry info from the eureka server
2026-05-25 03:28:50 - main - INFO - c.netflix.discovery.DiscoveryClient - The response status is 200
2026-05-25 03:28:50 - main - INFO - c.netflix.discovery.DiscoveryClient - Starting heartbeat executor: renew interval is: 30
2026-05-25 03:28:50 - main - INFO - c.n.discovery.InstanceInfoReplicator - InstanceInfoReplicator onDemand update allowed rate per min is 4
2026-05-25 03:28:50 - main - INFO - c.netflix.discovery.DiscoveryClient - Discovery Client initialized at timestamp 1779679730645 with initial instances count: 0
2026-05-25 03:28:50 - main - INFO - o.s.c.n.e.s.EurekaServiceRegistry - Registering application ORDER-MICROSERVICE with eureka with status UP
2026-05-25 03:28:50 - main - INFO - c.netflix.discovery.DiscoveryClient - Saw local status change event StatusChangeEvent [timestamp=1779679730658, current=UP, previous=STARTING]
2026-05-25 03:28:50 - DiscoveryClient-InstanceInfoReplicator-%d - INFO - c.netflix.discovery.DiscoveryClient - DiscoveryClient_ORDER-MICROSERVICE/480384c2abc6:order-microservice:8083: registering service...
2026-05-25 03:28:50 - main - INFO - o.s.boot.tomcat.TomcatWebServer - Tomcat started on port 8083 (http) with context path '/'
2026-05-25 03:28:50 - main - INFO - o.s.c.n.e.s.EurekaAutoServiceRegistration - Updating port to 8083
2026-05-25 03:28:50 - main - INFO - c.p.e.o.OrderMicroserviceApplication - Started OrderMicroserviceApplication in 28.113 seconds (process running for 30.826)
2026-05-25 03:28:51 - DiscoveryClient-InstanceInfoReplicator-%d - INFO - c.netflix.discovery.DiscoveryClient - DiscoveryClient_ORDER-MICROSERVICE/480384c2abc6:order-microservice:8083 - registration status: 204
2026-05-25 03:29:00 - http-nio-8083-exec-1 - INFO - o.a.c.c.C.[Tomcat].[localhost].[/] - Initializing Spring DispatcherServlet 'dispatcherServlet'
2026-05-25 03:29:00 - http-nio-8083-exec-1 - INFO - o.s.web.servlet.DispatcherServlet - Initializing Servlet 'dispatcherServlet'
2026-05-25 03:29:00 - http-nio-8083-exec-1 - INFO - o.s.web.servlet.DispatcherServlet - Completed initialization in 4 ms
2026-05-25 03:29:20 - DiscoveryClient-CacheRefreshExecutor-%d - INFO - c.netflix.discovery.DiscoveryClient - Disable delta property : false
2026-05-25 03:29:20 - DiscoveryClient-CacheRefreshExecutor-%d - INFO - c.netflix.discovery.DiscoveryClient - Single vip registry refresh property : null
2026-05-25 03:29:20 - DiscoveryClient-CacheRefreshExecutor-%d - INFO - c.netflix.discovery.DiscoveryClient - Force full registry fetch : false
2026-05-25 03:29:20 - DiscoveryClient-CacheRefreshExecutor-%d - INFO - c.netflix.discovery.DiscoveryClient - Application is null : false
2026-05-25 03:29:20 - DiscoveryClient-CacheRefreshExecutor-%d - INFO - c.netflix.discovery.DiscoveryClient - Registered Applications size is zero : true
2026-05-25 03:29:20 - DiscoveryClient-CacheRefreshExecutor-%d - INFO - c.netflix.discovery.DiscoveryClient - Application version is -1: false
2026-05-25 03:29:20 - DiscoveryClient-CacheRefreshExecutor-%d - INFO - c.netflix.discovery.DiscoveryClient - Getting all instance registry info from the eureka server
2026-05-25 03:29:20 - DiscoveryClient-CacheRefreshExecutor-%d - INFO - c.netflix.discovery.DiscoveryClient - The response status is 200
2026-05-25 03:33:49 - AsyncResolver-bootstrap-executor-%d - INFO - c.n.d.s.r.aws.ConfigClusterResolver - Resolving eureka endpoints via configuration
2026-05-25 03:36:48 - SpringApplicationShutdownHook - INFO - o.s.c.n.e.s.EurekaServiceRegistry - Unregistering application ORDER-MICROSERVICE with eureka with status DOWN
2026-05-25 03:36:48 - SpringApplicationShutdownHook - INFO - c.netflix.discovery.DiscoveryClient - Saw local status change event StatusChangeEvent [timestamp=1779680208601, current=DOWN, previous=UP]
2026-05-25 03:36:48 - DiscoveryClient-InstanceInfoReplicator-%d - INFO - c.netflix.discovery.DiscoveryClient - DiscoveryClient_ORDER-MICROSERVICE/480384c2abc6:order-microservice:8083: registering service...
2026-05-25 03:36:48 - SpringApplicationShutdownHook - INFO - o.s.boot.tomcat.GracefulShutdown - Commencing graceful shutdown. Waiting for active requests to complete
2026-05-25 03:36:48 - DiscoveryClient-InstanceInfoReplicator-%d - INFO - c.netflix.discovery.DiscoveryClient - DiscoveryClient_ORDER-MICROSERVICE/480384c2abc6:order-microservice:8083 - registration status: 204
2026-05-25 03:36:48 - tomcat-shutdown - INFO - o.s.boot.tomcat.GracefulShutdown - Graceful shutdown complete
2026-05-25 03:36:48 - SpringApplicationShutdownHook - INFO - o.s.o.j.LocalContainerEntityManagerFactoryBean - Closing JPA EntityManagerFactory for persistence unit 'default'
2026-05-25 03:36:48 - SpringApplicationShutdownHook - INFO - com.zaxxer.hikari.HikariDataSource - HikariPool-1 - Shutdown initiated...
2026-05-25 03:36:48 - SpringApplicationShutdownHook - INFO - com.zaxxer.hikari.HikariDataSource - HikariPool-1 - Shutdown completed.
2026-05-25 03:36:48 - SpringApplicationShutdownHook - INFO - c.netflix.discovery.DiscoveryClient - Shutting down DiscoveryClient ...
2026-05-25 03:36:51 - SpringApplicationShutdownHook - INFO - c.netflix.discovery.DiscoveryClient - Unregistering ...
2026-05-25 03:36:51 - DiscoveryClient-%d - WARN - c.n.discovery.TimedSupervisorTask - task supervisor shutting down, can't accept the task
2026-05-25 03:36:51 - SpringApplicationShutdownHook - INFO - c.netflix.discovery.DiscoveryClient - DiscoveryClient_ORDER-MICROSERVICE/480384c2abc6:order-microservice:8083 - deregister  status: 200
2026-05-25 03:36:51 - SpringApplicationShutdownHook - INFO - c.netflix.discovery.DiscoveryClient - Completed shut down of DiscoveryClient
2026-05-25 03:54:56 - main - INFO - c.p.e.o.OrderMicroserviceApplication - Starting OrderMicroserviceApplication v0.0.1-SNAPSHOT using Java 25.0.3 with PID 1 (/app/app.jar started by root in /app)
2026-05-25 03:54:56 - main - INFO - c.p.e.o.OrderMicroserviceApplication - The following 1 profile is active: "docker"
2026-05-25 03:54:56 - main - INFO - o.s.c.c.c.ConfigServerConfigDataLoader - Fetching config from server at : http://config-server:8888
2026-05-25 03:54:56 - main - INFO - o.s.c.c.c.ConfigServerConfigDataLoader - Located environment: name=application, profiles=[default], label=null, version=null, state=null
2026-05-25 03:54:56 - main - INFO - o.s.c.c.c.ConfigServerConfigDataLoader - Fetching config from server at : http://localhost:8888
2026-05-25 03:54:56 - main - INFO - o.s.c.c.c.ConfigServerConfigDataLoader - Exception on Url - http://localhost:8888:org.springframework.web.client.ResourceAccessException: I/O error on GET request for "http://localhost:8888/order-microservice/default": Connection refused. Will be trying the next url if available
2026-05-25 03:54:56 - main - WARN - o.s.c.c.c.ConfigServerConfigDataLoader - Could not locate PropertySource ([ConfigServerConfigDataResource@79d743e6 uris = array<String>['http://localhost:8888'], optional = true, profiles = 'default']): I/O error on GET request for "http://localhost:8888/order-microservice/default": Connection refused
2026-05-25 03:54:56 - main - INFO - o.s.c.c.c.ConfigServerConfigDataLoader - Fetching config from server at : http://config-server:8888
2026-05-25 03:54:56 - main - INFO - o.s.c.c.c.ConfigServerConfigDataLoader - Located environment: name=order-microservice, profiles=[docker], label=null, version=null, state=null
2026-05-25 03:54:56 - main - INFO - o.s.c.c.c.ConfigServerConfigDataLoader - Fetching config from server at : http://config-server:8888
2026-05-25 03:54:56 - main - INFO - o.s.c.c.c.ConfigServerConfigDataLoader - Located environment: name=order-microservice, profiles=[default], label=null, version=null, state=null
2026-05-25 03:54:56 - main - INFO - o.s.c.c.c.ConfigServerConfigDataLoader - Fetching config from server at : http://localhost:8888
2026-05-25 03:54:56 - main - INFO - o.s.c.c.c.ConfigServerConfigDataLoader - Exception on Url - http://localhost:8888:org.springframework.web.client.ResourceAccessException: I/O error on GET request for "http://localhost:8888/order-microservice/docker": Connection refused. Will be trying the next url if available
2026-05-25 03:54:56 - main - WARN - o.s.c.c.c.ConfigServerConfigDataLoader - Could not locate PropertySource ([ConfigServerConfigDataResource@53ac845a uris = array<String>['http://localhost:8888'], optional = true, profiles = 'docker']): I/O error on GET request for "http://localhost:8888/order-microservice/docker": Connection refused
2026-05-25 03:54:57 - main - INFO - o.s.c.c.c.ConfigServerConfigDataLoader - Fetching config from server at : http://localhost:8888
2026-05-25 03:54:57 - main - INFO - o.s.c.c.c.ConfigServerConfigDataLoader - Exception on Url - http://localhost:8888:org.springframework.web.client.ResourceAccessException: I/O error on GET request for "http://localhost:8888/order-microservice/default": Connection refused. Will be trying the next url if available
2026-05-25 03:54:57 - main - WARN - o.s.c.c.c.ConfigServerConfigDataLoader - Could not locate PropertySource ([ConfigServerConfigDataResource@5136207f uris = array<String>['http://localhost:8888'], optional = true, profiles = 'default']): I/O error on GET request for "http://localhost:8888/order-microservice/default": Connection refused
2026-05-25 03:55:03 - main - INFO - o.s.d.r.c.RepositoryConfigurationDelegate - Bootstrapping Spring Data JPA repositories in DEFAULT mode.
2026-05-25 03:55:04 - main - INFO - o.s.d.r.c.RepositoryConfigurationDelegate - Finished Spring Data repository scanning in 945 ms. Found 1 JPA repository interface.
2026-05-25 03:55:06 - main - INFO - o.s.cloud.context.scope.GenericScope - BeanFactory id=83256ec7-0d52-39de-b843-745e69602f0c
2026-05-25 03:55:09 - main - INFO - o.s.boot.tomcat.TomcatWebServer - Tomcat initialized with port 8083 (http)
2026-05-25 03:55:09 - main - INFO - o.a.catalina.core.StandardService - Starting service [Tomcat]
2026-05-25 03:55:09 - main - INFO - o.a.catalina.core.StandardEngine - Starting Servlet engine: [Apache Tomcat/11.0.21]
2026-05-25 03:55:09 - main - INFO - o.s.b.w.c.s.WebApplicationContextInitializer - Root WebApplicationContext: initialization completed in 12580 ms
2026-05-25 03:55:12 - main - INFO - org.hibernate.orm.jpa - HHH008540: Processing PersistenceUnitInfo [name: default]
2026-05-25 03:55:12 - main - INFO - org.hibernate.orm.core - HHH000001: Hibernate ORM core version 7.2.12.Final
2026-05-25 03:55:15 - main - INFO - o.s.o.j.p.SpringPersistenceUnitInfo - No LoadTimeWeaver setup: ignoring JPA class transformer
2026-05-25 03:55:16 - main - INFO - com.zaxxer.hikari.HikariDataSource - HikariPool-1 - Starting...
2026-05-25 03:55:16 - main - INFO - com.zaxxer.hikari.pool.HikariPool - HikariPool-1 - Added connection org.postgresql.jdbc.PgConnection@144792d5
2026-05-25 03:55:16 - main - INFO - com.zaxxer.hikari.HikariDataSource - HikariPool-1 - Start completed.
2026-05-25 03:55:16 - main - WARN - org.hibernate.orm.deprecation - HHH90000025: PostgreSQLDialect does not need to be specified explicitly using 'hibernate.dialect' (remove the property setting and it will be selected by default)
2026-05-25 03:55:16 - main - INFO - o.hibernate.orm.connections.pooling - HHH10001005: Database info:
	Database JDBC URL [jdbc:postgresql://order_db:5432/orderdb]
	Database driver: PostgreSQL JDBC Driver
	Database dialect: PostgreSQLDialect
	Database version: 16.13
	Default catalog/schema: orderdb/public
	Autocommit mode: undefined/unknown
	Isolation level: READ_COMMITTED [default READ_COMMITTED]
	JDBC fetch size: none
	Pool: DataSourceConnectionProvider
	Minimum pool size: undefined/unknown
	Maximum pool size: undefined/unknown
2026-05-25 03:55:20 - main - INFO - org.hibernate.orm.core - HHH000489: No JTA platform available (set 'hibernate.transaction.jta.platform' to enable JTA platform integration)
2026-05-25 03:55:20 - main - INFO - o.s.o.j.LocalContainerEntityManagerFactoryBean - Initialized JPA EntityManagerFactory for persistence unit 'default'
2026-05-25 03:55:20 - main - INFO - o.s.d.j.r.q.QueryEnhancerFactories - Hibernate is in classpath; If applicable, HQL parser will be used.
2026-05-25 03:55:21 - main - WARN - o.s.b.j.a.JpaBaseConfiguration$JpaWebConfiguration - spring.jpa.open-in-view is enabled by default. Therefore, database queries may be performed during view rendering. Explicitly configure spring.jpa.open-in-view to disable this warning
2026-05-25 03:55:22 - main - INFO - o.s.c.o.FeignClientFactoryBean - For 'product-microservice' URL not provided. Will try picking an instance via load-balancing.
2026-05-25 03:55:26 - main - INFO - o.s.c.n.e.c.DiscoveryClientOptionalArgsConfiguration - Eureka HTTP Client uses RestClient.
2026-05-25 03:55:26 - main - WARN - o.s.c.l.c.LoadBalancerCacheAutoConfiguration$LoadBalancerCaffeineWarnLogger - Spring Cloud LoadBalancer is currently working with the default cache. While this cache implementation is useful for development and tests, it's recommended to use Caffeine cache in production.You can switch to using Caffeine cache, by adding it and org.springframework.cache.caffeine.CaffeineCacheManager to the classpath.
2026-05-25 03:55:26 - main - INFO - o.s.b.a.e.web.EndpointLinksResolver - Exposing 1 endpoint beneath base path '/actuator'
2026-05-25 03:55:27 - main - INFO - o.s.c.n.eureka.InstanceInfoFactory - Setting initial instance status as: STARTING
2026-05-25 03:55:27 - main - INFO - c.netflix.discovery.DiscoveryClient - Initializing Eureka in region us-east-1
2026-05-25 03:55:27 - main - INFO - c.n.d.s.r.aws.ConfigClusterResolver - Resolving eureka endpoints via configuration
2026-05-25 03:55:27 - main - INFO - c.netflix.discovery.DiscoveryClient - Disable delta property : false
2026-05-25 03:55:27 - main - INFO - c.netflix.discovery.DiscoveryClient - Single vip registry refresh property : null
2026-05-25 03:55:27 - main - INFO - c.netflix.discovery.DiscoveryClient - Force full registry fetch : false
2026-05-25 03:55:27 - main - INFO - c.netflix.discovery.DiscoveryClient - Application is null : false
2026-05-25 03:55:27 - main - INFO - c.netflix.discovery.DiscoveryClient - Registered Applications size is zero : true
2026-05-25 03:55:27 - main - INFO - c.netflix.discovery.DiscoveryClient - Application version is -1: true
2026-05-25 03:55:27 - main - INFO - c.netflix.discovery.DiscoveryClient - Getting all instance registry info from the eureka server
2026-05-25 03:55:29 - main - INFO - c.netflix.discovery.DiscoveryClient - The response status is 200
2026-05-25 03:55:29 - main - INFO - c.netflix.discovery.DiscoveryClient - Starting heartbeat executor: renew interval is: 30
2026-05-25 03:55:29 - main - INFO - c.n.discovery.InstanceInfoReplicator - InstanceInfoReplicator onDemand update allowed rate per min is 4
2026-05-25 03:55:29 - main - INFO - c.netflix.discovery.DiscoveryClient - Discovery Client initialized at timestamp 1779681329564 with initial instances count: 0
2026-05-25 03:55:29 - main - INFO - o.s.c.n.e.s.EurekaServiceRegistry - Registering application ORDER-MICROSERVICE with eureka with status UP
2026-05-25 03:55:29 - main - INFO - c.netflix.discovery.DiscoveryClient - Saw local status change event StatusChangeEvent [timestamp=1779681329577, current=UP, previous=STARTING]
2026-05-25 03:55:29 - DiscoveryClient-InstanceInfoReplicator-%d - INFO - c.netflix.discovery.DiscoveryClient - DiscoveryClient_ORDER-MICROSERVICE/1b580ae0546b:order-microservice:8083: registering service...
2026-05-25 03:55:29 - main - INFO - o.s.boot.tomcat.TomcatWebServer - Tomcat started on port 8083 (http) with context path '/'
2026-05-25 03:55:29 - main - INFO - o.s.c.n.e.s.EurekaAutoServiceRegistration - Updating port to 8083
2026-05-25 03:55:29 - main - INFO - c.p.e.o.OrderMicroserviceApplication - Started OrderMicroserviceApplication in 39.17 seconds (process running for 42.739)
2026-05-25 03:55:29 - DiscoveryClient-InstanceInfoReplicator-%d - INFO - c.netflix.discovery.DiscoveryClient - DiscoveryClient_ORDER-MICROSERVICE/1b580ae0546b:order-microservice:8083 - registration status: 204
2026-05-25 03:55:37 - http-nio-8083-exec-1 - INFO - o.a.c.c.C.[Tomcat].[localhost].[/] - Initializing Spring DispatcherServlet 'dispatcherServlet'
2026-05-25 03:55:37 - http-nio-8083-exec-1 - INFO - o.s.web.servlet.DispatcherServlet - Initializing Servlet 'dispatcherServlet'
2026-05-25 03:55:37 - http-nio-8083-exec-1 - INFO - o.s.web.servlet.DispatcherServlet - Completed initialization in 2 ms
2026-05-25 03:55:59 - DiscoveryClient-CacheRefreshExecutor-%d - INFO - c.netflix.discovery.DiscoveryClient - Disable delta property : false
2026-05-25 03:55:59 - DiscoveryClient-CacheRefreshExecutor-%d - INFO - c.netflix.discovery.DiscoveryClient - Single vip registry refresh property : null
2026-05-25 03:55:59 - DiscoveryClient-CacheRefreshExecutor-%d - INFO - c.netflix.discovery.DiscoveryClient - Force full registry fetch : false
2026-05-25 03:55:59 - DiscoveryClient-CacheRefreshExecutor-%d - INFO - c.netflix.discovery.DiscoveryClient - Application is null : false
2026-05-25 03:55:59 - DiscoveryClient-CacheRefreshExecutor-%d - INFO - c.netflix.discovery.DiscoveryClient - Registered Applications size is zero : true
2026-05-25 03:55:59 - DiscoveryClient-CacheRefreshExecutor-%d - INFO - c.netflix.discovery.DiscoveryClient - Application version is -1: false
2026-05-25 03:55:59 - DiscoveryClient-CacheRefreshExecutor-%d - INFO - c.netflix.discovery.DiscoveryClient - Getting all instance registry info from the eureka server
2026-05-25 03:55:59 - DiscoveryClient-CacheRefreshExecutor-%d - INFO - c.netflix.discovery.DiscoveryClient - The response status is 200
2026-05-25 03:58:00 - SpringApplicationShutdownHook - INFO - o.s.c.n.e.s.EurekaServiceRegistry - Unregistering application ORDER-MICROSERVICE with eureka with status DOWN
2026-05-25 03:58:00 - SpringApplicationShutdownHook - INFO - c.netflix.discovery.DiscoveryClient - Saw local status change event StatusChangeEvent [timestamp=1779681480088, current=DOWN, previous=UP]
2026-05-25 03:58:00 - DiscoveryClient-InstanceInfoReplicator-%d - INFO - c.netflix.discovery.DiscoveryClient - DiscoveryClient_ORDER-MICROSERVICE/1b580ae0546b:order-microservice:8083: registering service...
2026-05-25 03:58:00 - SpringApplicationShutdownHook - INFO - o.s.boot.tomcat.GracefulShutdown - Commencing graceful shutdown. Waiting for active requests to complete
2026-05-25 03:58:00 - DiscoveryClient-InstanceInfoReplicator-%d - INFO - c.netflix.discovery.DiscoveryClient - DiscoveryClient_ORDER-MICROSERVICE/1b580ae0546b:order-microservice:8083 - registration status: 204
2026-05-25 03:58:00 - tomcat-shutdown - INFO - o.s.boot.tomcat.GracefulShutdown - Graceful shutdown complete
2026-05-25 03:58:00 - SpringApplicationShutdownHook - INFO - o.s.o.j.LocalContainerEntityManagerFactoryBean - Closing JPA EntityManagerFactory for persistence unit 'default'
2026-05-25 03:58:00 - SpringApplicationShutdownHook - INFO - com.zaxxer.hikari.HikariDataSource - HikariPool-1 - Shutdown initiated...
2026-05-25 03:58:00 - SpringApplicationShutdownHook - INFO - com.zaxxer.hikari.HikariDataSource - HikariPool-1 - Shutdown completed.
2026-05-25 03:58:00 - SpringApplicationShutdownHook - INFO - c.netflix.discovery.DiscoveryClient - Shutting down DiscoveryClient ...
2026-05-25 03:58:03 - SpringApplicationShutdownHook - INFO - c.netflix.discovery.DiscoveryClient - Unregistering ...
2026-05-25 03:58:03 - SpringApplicationShutdownHook - INFO - c.netflix.discovery.DiscoveryClient - DiscoveryClient_ORDER-MICROSERVICE/1b580ae0546b:order-microservice:8083 - deregister  status: 200
2026-05-25 03:58:03 - SpringApplicationShutdownHook - INFO - c.netflix.discovery.DiscoveryClient - Completed shut down of DiscoveryClient
2026-05-25 04:09:34 - main - INFO - c.p.e.o.OrderMicroserviceApplication - Starting OrderMicroserviceApplication v0.0.1-SNAPSHOT using Java 25.0.3 with PID 1 (/app/app.jar started by root in /app)
2026-05-25 04:09:34 - main - INFO - c.p.e.o.OrderMicroserviceApplication - The following 1 profile is active: "docker"
2026-05-25 04:09:34 - main - INFO - o.s.c.c.c.ConfigServerConfigDataLoader - Fetching config from server at : http://config-server:8888
2026-05-25 04:09:34 - main - INFO - o.s.c.c.c.ConfigServerConfigDataLoader - Located environment: name=application, profiles=[default], label=null, version=null, state=null
2026-05-25 04:09:34 - main - INFO - o.s.c.c.c.ConfigServerConfigDataLoader - Fetching config from server at : http://localhost:8888
2026-05-25 04:09:34 - main - INFO - o.s.c.c.c.ConfigServerConfigDataLoader - Exception on Url - http://localhost:8888:org.springframework.web.client.ResourceAccessException: I/O error on GET request for "http://localhost:8888/order-microservice/default": Connection refused. Will be trying the next url if available
2026-05-25 04:09:34 - main - WARN - o.s.c.c.c.ConfigServerConfigDataLoader - Could not locate PropertySource ([ConfigServerConfigDataResource@79d743e6 uris = array<String>['http://localhost:8888'], optional = true, profiles = 'default']): I/O error on GET request for "http://localhost:8888/order-microservice/default": Connection refused
2026-05-25 04:09:34 - main - INFO - o.s.c.c.c.ConfigServerConfigDataLoader - Fetching config from server at : http://config-server:8888
2026-05-25 04:09:34 - main - INFO - o.s.c.c.c.ConfigServerConfigDataLoader - Located environment: name=order-microservice, profiles=[docker], label=null, version=null, state=null
2026-05-25 04:09:34 - main - INFO - o.s.c.c.c.ConfigServerConfigDataLoader - Fetching config from server at : http://config-server:8888
2026-05-25 04:09:34 - main - INFO - o.s.c.c.c.ConfigServerConfigDataLoader - Located environment: name=order-microservice, profiles=[default], label=null, version=null, state=null
2026-05-25 04:09:34 - main - INFO - o.s.c.c.c.ConfigServerConfigDataLoader - Fetching config from server at : http://localhost:8888
2026-05-25 04:09:34 - main - INFO - o.s.c.c.c.ConfigServerConfigDataLoader - Exception on Url - http://localhost:8888:org.springframework.web.client.ResourceAccessException: I/O error on GET request for "http://localhost:8888/order-microservice/docker": Connection refused. Will be trying the next url if available
2026-05-25 04:09:34 - main - WARN - o.s.c.c.c.ConfigServerConfigDataLoader - Could not locate PropertySource ([ConfigServerConfigDataResource@53ac845a uris = array<String>['http://localhost:8888'], optional = true, profiles = 'docker']): I/O error on GET request for "http://localhost:8888/order-microservice/docker": Connection refused
2026-05-25 04:09:34 - main - INFO - o.s.c.c.c.ConfigServerConfigDataLoader - Fetching config from server at : http://localhost:8888
2026-05-25 04:09:34 - main - INFO - o.s.c.c.c.ConfigServerConfigDataLoader - Exception on Url - http://localhost:8888:org.springframework.web.client.ResourceAccessException: I/O error on GET request for "http://localhost:8888/order-microservice/default": Connection refused. Will be trying the next url if available
2026-05-25 04:09:34 - main - WARN - o.s.c.c.c.ConfigServerConfigDataLoader - Could not locate PropertySource ([ConfigServerConfigDataResource@5136207f uris = array<String>['http://localhost:8888'], optional = true, profiles = 'default']): I/O error on GET request for "http://localhost:8888/order-microservice/default": Connection refused
2026-05-25 04:09:42 - main - INFO - o.s.d.r.c.RepositoryConfigurationDelegate - Bootstrapping Spring Data JPA repositories in DEFAULT mode.
2026-05-25 04:09:43 - main - INFO - o.s.d.r.c.RepositoryConfigurationDelegate - Finished Spring Data repository scanning in 1490 ms. Found 1 JPA repository interface.
2026-05-25 04:09:46 - main - INFO - o.s.cloud.context.scope.GenericScope - BeanFactory id=83256ec7-0d52-39de-b843-745e69602f0c
2026-05-25 04:10:48 - main - INFO - c.p.e.o.OrderMicroserviceApplication - Starting OrderMicroserviceApplication v0.0.1-SNAPSHOT using Java 25.0.3 with PID 1 (/app/app.jar started by root in /app)
2026-05-25 04:10:48 - main - INFO - c.p.e.o.OrderMicroserviceApplication - The following 1 profile is active: "docker"
2026-05-25 04:10:48 - main - INFO - o.s.c.c.c.ConfigServerConfigDataLoader - Fetching config from server at : http://config-server:8888
2026-05-25 04:10:48 - main - INFO - o.s.c.c.c.ConfigServerConfigDataLoader - Located environment: name=application, profiles=[default], label=null, version=null, state=null
2026-05-25 04:10:48 - main - INFO - o.s.c.c.c.ConfigServerConfigDataLoader - Fetching config from server at : http://localhost:8888
2026-05-25 04:10:48 - main - INFO - o.s.c.c.c.ConfigServerConfigDataLoader - Exception on Url - http://localhost:8888:org.springframework.web.client.ResourceAccessException: I/O error on GET request for "http://localhost:8888/order-microservice/default": Connection refused. Will be trying the next url if available
2026-05-25 04:10:48 - main - WARN - o.s.c.c.c.ConfigServerConfigDataLoader - Could not locate PropertySource ([ConfigServerConfigDataResource@79d743e6 uris = array<String>['http://localhost:8888'], optional = true, profiles = 'default']): I/O error on GET request for "http://localhost:8888/order-microservice/default": Connection refused
2026-05-25 04:10:48 - main - INFO - o.s.c.c.c.ConfigServerConfigDataLoader - Fetching config from server at : http://config-server:8888
2026-05-25 04:10:48 - main - INFO - o.s.c.c.c.ConfigServerConfigDataLoader - Located environment: name=order-microservice, profiles=[docker], label=null, version=null, state=null
2026-05-25 04:10:48 - main - INFO - o.s.c.c.c.ConfigServerConfigDataLoader - Fetching config from server at : http://config-server:8888
2026-05-25 04:10:48 - main - INFO - o.s.c.c.c.ConfigServerConfigDataLoader - Located environment: name=order-microservice, profiles=[default], label=null, version=null, state=null
2026-05-25 04:10:48 - main - INFO - o.s.c.c.c.ConfigServerConfigDataLoader - Fetching config from server at : http://localhost:8888
2026-05-25 04:10:48 - main - INFO - o.s.c.c.c.ConfigServerConfigDataLoader - Exception on Url - http://localhost:8888:org.springframework.web.client.ResourceAccessException: I/O error on GET request for "http://localhost:8888/order-microservice/docker": Connection refused. Will be trying the next url if available
2026-05-25 04:10:48 - main - WARN - o.s.c.c.c.ConfigServerConfigDataLoader - Could not locate PropertySource ([ConfigServerConfigDataResource@53ac845a uris = array<String>['http://localhost:8888'], optional = true, profiles = 'docker']): I/O error on GET request for "http://localhost:8888/order-microservice/docker": Connection refused
2026-05-25 04:10:48 - main - INFO - o.s.c.c.c.ConfigServerConfigDataLoader - Fetching config from server at : http://localhost:8888
2026-05-25 04:10:48 - main - INFO - o.s.c.c.c.ConfigServerConfigDataLoader - Exception on Url - http://localhost:8888:org.springframework.web.client.ResourceAccessException: I/O error on GET request for "http://localhost:8888/order-microservice/default": Connection refused. Will be trying the next url if available
2026-05-25 04:10:48 - main - WARN - o.s.c.c.c.ConfigServerConfigDataLoader - Could not locate PropertySource ([ConfigServerConfigDataResource@5136207f uris = array<String>['http://localhost:8888'], optional = true, profiles = 'default']): I/O error on GET request for "http://localhost:8888/order-microservice/default": Connection refused
2026-05-25 04:10:54 - main - INFO - o.s.d.r.c.RepositoryConfigurationDelegate - Bootstrapping Spring Data JPA repositories in DEFAULT mode.
2026-05-25 04:10:55 - main - INFO - o.s.d.r.c.RepositoryConfigurationDelegate - Finished Spring Data repository scanning in 771 ms. Found 1 JPA repository interface.
2026-05-25 04:10:58 - main - INFO - o.s.cloud.context.scope.GenericScope - BeanFactory id=83256ec7-0d52-39de-b843-745e69602f0c
2026-05-25 04:11:00 - main - INFO - o.s.boot.tomcat.TomcatWebServer - Tomcat initialized with port 8083 (http)
2026-05-25 04:11:00 - main - INFO - o.a.catalina.core.StandardService - Starting service [Tomcat]
2026-05-25 04:11:00 - main - INFO - o.a.catalina.core.StandardEngine - Starting Servlet engine: [Apache Tomcat/11.0.21]
2026-05-25 04:11:00 - main - INFO - o.s.b.w.c.s.WebApplicationContextInitializer - Root WebApplicationContext: initialization completed in 12288 ms
2026-05-25 04:11:02 - main - INFO - org.hibernate.orm.jpa - HHH008540: Processing PersistenceUnitInfo [name: default]
2026-05-25 04:11:03 - main - INFO - org.hibernate.orm.core - HHH000001: Hibernate ORM core version 7.2.12.Final
2026-05-25 04:11:05 - main - INFO - o.s.o.j.p.SpringPersistenceUnitInfo - No LoadTimeWeaver setup: ignoring JPA class transformer
2026-05-25 04:11:05 - main - INFO - com.zaxxer.hikari.HikariDataSource - HikariPool-1 - Starting...
2026-05-25 04:11:06 - main - INFO - com.zaxxer.hikari.pool.HikariPool - HikariPool-1 - Added connection org.postgresql.jdbc.PgConnection@38e88e13
2026-05-25 04:11:06 - main - INFO - com.zaxxer.hikari.HikariDataSource - HikariPool-1 - Start completed.
2026-05-25 04:11:06 - main - WARN - org.hibernate.orm.deprecation - HHH90000025: PostgreSQLDialect does not need to be specified explicitly using 'hibernate.dialect' (remove the property setting and it will be selected by default)
2026-05-25 04:11:06 - main - INFO - o.hibernate.orm.connections.pooling - HHH10001005: Database info:
	Database JDBC URL [jdbc:postgresql://order_db:5432/orderdb]
	Database driver: PostgreSQL JDBC Driver
	Database dialect: PostgreSQLDialect
	Database version: 16.13
	Default catalog/schema: orderdb/public
	Autocommit mode: undefined/unknown
	Isolation level: READ_COMMITTED [default READ_COMMITTED]
	JDBC fetch size: none
	Pool: DataSourceConnectionProvider
	Minimum pool size: undefined/unknown
	Maximum pool size: undefined/unknown
2026-05-25 04:11:09 - main - INFO - org.hibernate.orm.core - HHH000489: No JTA platform available (set 'hibernate.transaction.jta.platform' to enable JTA platform integration)
2026-05-25 04:11:09 - main - INFO - o.s.o.j.LocalContainerEntityManagerFactoryBean - Initialized JPA EntityManagerFactory for persistence unit 'default'
2026-05-25 04:11:09 - main - INFO - o.s.d.j.r.q.QueryEnhancerFactories - Hibernate is in classpath; If applicable, HQL parser will be used.
2026-05-25 04:11:10 - main - WARN - o.s.b.j.a.JpaBaseConfiguration$JpaWebConfiguration - spring.jpa.open-in-view is enabled by default. Therefore, database queries may be performed during view rendering. Explicitly configure spring.jpa.open-in-view to disable this warning
2026-05-25 04:11:10 - main - INFO - o.s.c.o.FeignClientFactoryBean - For 'product-microservice' URL not provided. Will try picking an instance via load-balancing.
2026-05-25 04:11:13 - main - INFO - o.s.c.n.e.c.DiscoveryClientOptionalArgsConfiguration - Eureka HTTP Client uses RestClient.
2026-05-25 04:11:13 - main - WARN - o.s.c.l.c.LoadBalancerCacheAutoConfiguration$LoadBalancerCaffeineWarnLogger - Spring Cloud LoadBalancer is currently working with the default cache. While this cache implementation is useful for development and tests, it's recommended to use Caffeine cache in production.You can switch to using Caffeine cache, by adding it and org.springframework.cache.caffeine.CaffeineCacheManager to the classpath.
2026-05-25 04:11:13 - main - INFO - o.s.b.a.e.web.EndpointLinksResolver - Exposing 1 endpoint beneath base path '/actuator'
2026-05-25 04:11:14 - main - INFO - o.s.c.n.eureka.InstanceInfoFactory - Setting initial instance status as: STARTING
2026-05-25 04:11:14 - main - INFO - c.netflix.discovery.DiscoveryClient - Initializing Eureka in region us-east-1
2026-05-25 04:11:14 - main - INFO - c.n.d.s.r.aws.ConfigClusterResolver - Resolving eureka endpoints via configuration
2026-05-25 04:11:14 - main - INFO - c.netflix.discovery.DiscoveryClient - Disable delta property : false
2026-05-25 04:11:14 - main - INFO - c.netflix.discovery.DiscoveryClient - Single vip registry refresh property : null
2026-05-25 04:11:14 - main - INFO - c.netflix.discovery.DiscoveryClient - Force full registry fetch : false
2026-05-25 04:11:14 - main - INFO - c.netflix.discovery.DiscoveryClient - Application is null : false
2026-05-25 04:11:14 - main - INFO - c.netflix.discovery.DiscoveryClient - Registered Applications size is zero : true
2026-05-25 04:11:14 - main - INFO - c.netflix.discovery.DiscoveryClient - Application version is -1: true
2026-05-25 04:11:14 - main - INFO - c.netflix.discovery.DiscoveryClient - Getting all instance registry info from the eureka server
2026-05-25 04:11:15 - main - INFO - c.netflix.discovery.DiscoveryClient - The response status is 200
2026-05-25 04:11:15 - main - INFO - c.netflix.discovery.DiscoveryClient - Starting heartbeat executor: renew interval is: 30
2026-05-25 04:11:15 - main - INFO - c.n.discovery.InstanceInfoReplicator - InstanceInfoReplicator onDemand update allowed rate per min is 4
2026-05-25 04:11:15 - main - INFO - c.netflix.discovery.DiscoveryClient - Discovery Client initialized at timestamp 1779682275358 with initial instances count: 0
2026-05-25 04:11:15 - main - INFO - o.s.c.n.e.s.EurekaServiceRegistry - Registering application ORDER-MICROSERVICE with eureka with status UP
2026-05-25 04:11:15 - main - INFO - c.netflix.discovery.DiscoveryClient - Saw local status change event StatusChangeEvent [timestamp=1779682275385, current=UP, previous=STARTING]
2026-05-25 04:11:15 - DiscoveryClient-InstanceInfoReplicator-%d - INFO - c.netflix.discovery.DiscoveryClient - DiscoveryClient_ORDER-MICROSERVICE/b9b2b509cf44:order-microservice:8083: registering service...
2026-05-25 04:11:15 - main - INFO - o.s.boot.tomcat.TomcatWebServer - Tomcat started on port 8083 (http) with context path '/'
2026-05-25 04:11:15 - main - INFO - o.s.c.n.e.s.EurekaAutoServiceRegistration - Updating port to 8083
2026-05-25 04:11:15 - main - INFO - c.p.e.o.OrderMicroserviceApplication - Started OrderMicroserviceApplication in 34.537 seconds (process running for 37.869)
2026-05-25 04:11:15 - DiscoveryClient-InstanceInfoReplicator-%d - INFO - c.netflix.discovery.DiscoveryClient - DiscoveryClient_ORDER-MICROSERVICE/b9b2b509cf44:order-microservice:8083 - registration status: 204
2026-05-25 04:11:18 - http-nio-8083-exec-1 - INFO - o.a.c.c.C.[Tomcat].[localhost].[/] - Initializing Spring DispatcherServlet 'dispatcherServlet'
2026-05-25 04:11:18 - http-nio-8083-exec-1 - INFO - o.s.web.servlet.DispatcherServlet - Initializing Servlet 'dispatcherServlet'
2026-05-25 04:11:18 - http-nio-8083-exec-1 - INFO - o.s.web.servlet.DispatcherServlet - Completed initialization in 6 ms
2026-05-25 04:11:40 - SpringApplicationShutdownHook - INFO - o.s.c.n.e.s.EurekaServiceRegistry - Unregistering application ORDER-MICROSERVICE with eureka with status DOWN
2026-05-25 04:11:40 - SpringApplicationShutdownHook - INFO - c.netflix.discovery.DiscoveryClient - Saw local status change event StatusChangeEvent [timestamp=1779682300052, current=DOWN, previous=UP]
2026-05-25 04:11:40 - DiscoveryClient-InstanceInfoReplicator-%d - INFO - c.netflix.discovery.DiscoveryClient - DiscoveryClient_ORDER-MICROSERVICE/b9b2b509cf44:order-microservice:8083: registering service...
2026-05-25 04:11:40 - SpringApplicationShutdownHook - INFO - o.s.boot.tomcat.GracefulShutdown - Commencing graceful shutdown. Waiting for active requests to complete
2026-05-25 04:11:40 - tomcat-shutdown - INFO - o.s.boot.tomcat.GracefulShutdown - Graceful shutdown complete
2026-05-25 04:11:40 - DiscoveryClient-InstanceInfoReplicator-%d - INFO - c.netflix.discovery.DiscoveryClient - DiscoveryClient_ORDER-MICROSERVICE/b9b2b509cf44:order-microservice:8083 - registration status: 204
2026-05-25 04:11:40 - SpringApplicationShutdownHook - INFO - o.s.o.j.LocalContainerEntityManagerFactoryBean - Closing JPA EntityManagerFactory for persistence unit 'default'
2026-05-25 04:11:40 - SpringApplicationShutdownHook - INFO - com.zaxxer.hikari.HikariDataSource - HikariPool-1 - Shutdown initiated...
2026-05-25 04:11:40 - SpringApplicationShutdownHook - INFO - com.zaxxer.hikari.HikariDataSource - HikariPool-1 - Shutdown completed.
2026-05-25 04:11:40 - SpringApplicationShutdownHook - INFO - c.netflix.discovery.DiscoveryClient - Shutting down DiscoveryClient ...
2026-05-25 04:11:43 - SpringApplicationShutdownHook - INFO - c.netflix.discovery.DiscoveryClient - Unregistering ...
2026-05-25 04:11:43 - SpringApplicationShutdownHook - INFO - c.netflix.discovery.DiscoveryClient - DiscoveryClient_ORDER-MICROSERVICE/b9b2b509cf44:order-microservice:8083 - deregister  status: 200
2026-05-25 04:11:43 - SpringApplicationShutdownHook - INFO - c.netflix.discovery.DiscoveryClient - Completed shut down of DiscoveryClient
2026-05-25 04:12:38 - main - INFO - c.p.e.o.OrderMicroserviceApplication - Starting OrderMicroserviceApplication v0.0.1-SNAPSHOT using Java 25.0.3 with PID 1 (/app/app.jar started by root in /app)
2026-05-25 04:12:38 - main - INFO - c.p.e.o.OrderMicroserviceApplication - The following 1 profile is active: "docker"
2026-05-25 04:12:38 - main - INFO - o.s.c.c.c.ConfigServerConfigDataLoader - Fetching config from server at : http://config-server:8888
2026-05-25 04:12:38 - main - INFO - o.s.c.c.c.ConfigServerConfigDataLoader - Located environment: name=application, profiles=[default], label=null, version=null, state=null
2026-05-25 04:12:38 - main - INFO - o.s.c.c.c.ConfigServerConfigDataLoader - Fetching config from server at : http://localhost:8888
2026-05-25 04:12:38 - main - INFO - o.s.c.c.c.ConfigServerConfigDataLoader - Exception on Url - http://localhost:8888:org.springframework.web.client.ResourceAccessException: I/O error on GET request for "http://localhost:8888/order-microservice/default": Connection refused. Will be trying the next url if available
2026-05-25 04:12:38 - main - WARN - o.s.c.c.c.ConfigServerConfigDataLoader - Could not locate PropertySource ([ConfigServerConfigDataResource@79d743e6 uris = array<String>['http://localhost:8888'], optional = true, profiles = 'default']): I/O error on GET request for "http://localhost:8888/order-microservice/default": Connection refused
2026-05-25 04:12:38 - main - INFO - o.s.c.c.c.ConfigServerConfigDataLoader - Fetching config from server at : http://config-server:8888
2026-05-25 04:12:38 - main - INFO - o.s.c.c.c.ConfigServerConfigDataLoader - Located environment: name=order-microservice, profiles=[docker], label=null, version=null, state=null
2026-05-25 04:12:38 - main - INFO - o.s.c.c.c.ConfigServerConfigDataLoader - Fetching config from server at : http://config-server:8888
2026-05-25 04:12:38 - main - INFO - o.s.c.c.c.ConfigServerConfigDataLoader - Located environment: name=order-microservice, profiles=[default], label=null, version=null, state=null
2026-05-25 04:12:38 - main - INFO - o.s.c.c.c.ConfigServerConfigDataLoader - Fetching config from server at : http://localhost:8888
2026-05-25 04:12:38 - main - INFO - o.s.c.c.c.ConfigServerConfigDataLoader - Exception on Url - http://localhost:8888:org.springframework.web.client.ResourceAccessException: I/O error on GET request for "http://localhost:8888/order-microservice/docker": Connection refused. Will be trying the next url if available
2026-05-25 04:12:38 - main - WARN - o.s.c.c.c.ConfigServerConfigDataLoader - Could not locate PropertySource ([ConfigServerConfigDataResource@53ac845a uris = array<String>['http://localhost:8888'], optional = true, profiles = 'docker']): I/O error on GET request for "http://localhost:8888/order-microservice/docker": Connection refused
2026-05-25 04:12:38 - main - INFO - o.s.c.c.c.ConfigServerConfigDataLoader - Fetching config from server at : http://localhost:8888
2026-05-25 04:12:38 - main - INFO - o.s.c.c.c.ConfigServerConfigDataLoader - Exception on Url - http://localhost:8888:org.springframework.web.client.ResourceAccessException: I/O error on GET request for "http://localhost:8888/order-microservice/default": Connection refused. Will be trying the next url if available
2026-05-25 04:12:38 - main - WARN - o.s.c.c.c.ConfigServerConfigDataLoader - Could not locate PropertySource ([ConfigServerConfigDataResource@5136207f uris = array<String>['http://localhost:8888'], optional = true, profiles = 'default']): I/O error on GET request for "http://localhost:8888/order-microservice/default": Connection refused
2026-05-25 04:12:46 - main - INFO - o.s.d.r.c.RepositoryConfigurationDelegate - Bootstrapping Spring Data JPA repositories in DEFAULT mode.
2026-05-25 04:12:47 - main - INFO - o.s.d.r.c.RepositoryConfigurationDelegate - Finished Spring Data repository scanning in 906 ms. Found 1 JPA repository interface.
2026-05-25 04:12:50 - main - INFO - o.s.cloud.context.scope.GenericScope - BeanFactory id=83256ec7-0d52-39de-b843-745e69602f0c
2026-05-25 04:12:52 - main - INFO - o.s.boot.tomcat.TomcatWebServer - Tomcat initialized with port 8083 (http)
2026-05-25 04:12:52 - main - INFO - o.a.catalina.core.StandardService - Starting service [Tomcat]
2026-05-25 04:12:52 - main - INFO - o.a.catalina.core.StandardEngine - Starting Servlet engine: [Apache Tomcat/11.0.21]
2026-05-25 04:12:52 - main - INFO - o.s.b.w.c.s.WebApplicationContextInitializer - Root WebApplicationContext: initialization completed in 14159 ms
2026-05-25 04:12:55 - main - INFO - org.hibernate.orm.jpa - HHH008540: Processing PersistenceUnitInfo [name: default]
2026-05-25 04:12:55 - main - INFO - org.hibernate.orm.core - HHH000001: Hibernate ORM core version 7.2.12.Final
2026-05-25 04:12:58 - main - INFO - o.s.o.j.p.SpringPersistenceUnitInfo - No LoadTimeWeaver setup: ignoring JPA class transformer
2026-05-25 04:12:59 - main - INFO - com.zaxxer.hikari.HikariDataSource - HikariPool-1 - Starting...
2026-05-25 04:12:59 - main - INFO - com.zaxxer.hikari.pool.HikariPool - HikariPool-1 - Added connection org.postgresql.jdbc.PgConnection@457d3f54
2026-05-25 04:12:59 - main - INFO - com.zaxxer.hikari.HikariDataSource - HikariPool-1 - Start completed.
2026-05-25 04:12:59 - main - WARN - org.hibernate.orm.deprecation - HHH90000025: PostgreSQLDialect does not need to be specified explicitly using 'hibernate.dialect' (remove the property setting and it will be selected by default)
2026-05-25 04:13:00 - main - INFO - o.hibernate.orm.connections.pooling - HHH10001005: Database info:
	Database JDBC URL [jdbc:postgresql://order_db:5432/orderdb]
	Database driver: PostgreSQL JDBC Driver
	Database dialect: PostgreSQLDialect
	Database version: 16.13
	Default catalog/schema: orderdb/public
	Autocommit mode: undefined/unknown
	Isolation level: READ_COMMITTED [default READ_COMMITTED]
	JDBC fetch size: none
	Pool: DataSourceConnectionProvider
	Minimum pool size: undefined/unknown
	Maximum pool size: undefined/unknown
2026-05-25 04:13:03 - main - INFO - org.hibernate.orm.core - HHH000489: No JTA platform available (set 'hibernate.transaction.jta.platform' to enable JTA platform integration)
2026-05-25 04:13:03 - main - INFO - o.s.o.j.LocalContainerEntityManagerFactoryBean - Initialized JPA EntityManagerFactory for persistence unit 'default'
2026-05-25 04:13:04 - main - INFO - o.s.d.j.r.q.QueryEnhancerFactories - Hibernate is in classpath; If applicable, HQL parser will be used.
2026-05-25 04:13:06 - main - WARN - o.s.b.j.a.JpaBaseConfiguration$JpaWebConfiguration - spring.jpa.open-in-view is enabled by default. Therefore, database queries may be performed during view rendering. Explicitly configure spring.jpa.open-in-view to disable this warning
2026-05-25 04:13:06 - main - INFO - o.s.c.o.FeignClientFactoryBean - For 'product-microservice' URL not provided. Will try picking an instance via load-balancing.
2026-05-25 04:13:11 - main - INFO - o.s.c.n.e.c.DiscoveryClientOptionalArgsConfiguration - Eureka HTTP Client uses RestClient.
2026-05-25 04:13:11 - main - WARN - o.s.c.l.c.LoadBalancerCacheAutoConfiguration$LoadBalancerCaffeineWarnLogger - Spring Cloud LoadBalancer is currently working with the default cache. While this cache implementation is useful for development and tests, it's recommended to use Caffeine cache in production.You can switch to using Caffeine cache, by adding it and org.springframework.cache.caffeine.CaffeineCacheManager to the classpath.
2026-05-25 04:13:11 - main - INFO - o.s.b.a.e.web.EndpointLinksResolver - Exposing 1 endpoint beneath base path '/actuator'
2026-05-25 04:13:12 - main - INFO - o.s.c.n.eureka.InstanceInfoFactory - Setting initial instance status as: STARTING
2026-05-25 04:13:12 - main - INFO - c.netflix.discovery.DiscoveryClient - Initializing Eureka in region us-east-1
2026-05-25 04:13:12 - main - INFO - c.n.d.s.r.aws.ConfigClusterResolver - Resolving eureka endpoints via configuration
2026-05-25 04:13:12 - main - INFO - c.netflix.discovery.DiscoveryClient - Disable delta property : false
2026-05-25 04:13:12 - main - INFO - c.netflix.discovery.DiscoveryClient - Single vip registry refresh property : null
2026-05-25 04:13:12 - main - INFO - c.netflix.discovery.DiscoveryClient - Force full registry fetch : false
2026-05-25 04:13:12 - main - INFO - c.netflix.discovery.DiscoveryClient - Application is null : false
2026-05-25 04:13:12 - main - INFO - c.netflix.discovery.DiscoveryClient - Registered Applications size is zero : true
2026-05-25 04:13:12 - main - INFO - c.netflix.discovery.DiscoveryClient - Application version is -1: true
2026-05-25 04:13:12 - main - INFO - c.netflix.discovery.DiscoveryClient - Getting all instance registry info from the eureka server
2026-05-25 04:13:14 - main - INFO - c.netflix.discovery.DiscoveryClient - The response status is 200
2026-05-25 04:13:14 - main - INFO - c.netflix.discovery.DiscoveryClient - Starting heartbeat executor: renew interval is: 30
2026-05-25 04:13:14 - main - INFO - c.n.discovery.InstanceInfoReplicator - InstanceInfoReplicator onDemand update allowed rate per min is 4
2026-05-25 04:13:14 - main - INFO - c.netflix.discovery.DiscoveryClient - Discovery Client initialized at timestamp 1779682394189 with initial instances count: 0
2026-05-25 04:13:14 - main - INFO - o.s.c.n.e.s.EurekaServiceRegistry - Registering application ORDER-MICROSERVICE with eureka with status UP
2026-05-25 04:13:14 - main - INFO - c.netflix.discovery.DiscoveryClient - Saw local status change event StatusChangeEvent [timestamp=1779682394209, current=UP, previous=STARTING]
2026-05-25 04:13:14 - DiscoveryClient-InstanceInfoReplicator-%d - INFO - c.netflix.discovery.DiscoveryClient - DiscoveryClient_ORDER-MICROSERVICE/945112037dad:order-microservice:8083: registering service...
2026-05-25 04:13:14 - main - INFO - o.s.boot.tomcat.TomcatWebServer - Tomcat started on port 8083 (http) with context path '/'
2026-05-25 04:13:14 - main - INFO - o.s.c.n.e.s.EurekaAutoServiceRegistration - Updating port to 8083
2026-05-25 04:13:14 - main - INFO - c.p.e.o.OrderMicroserviceApplication - Started OrderMicroserviceApplication in 43.028 seconds (process running for 46.928)
2026-05-25 04:13:14 - DiscoveryClient-InstanceInfoReplicator-%d - INFO - c.netflix.discovery.DiscoveryClient - DiscoveryClient_ORDER-MICROSERVICE/945112037dad:order-microservice:8083 - registration status: 204
2026-05-25 04:13:18 - http-nio-8083-exec-1 - INFO - o.a.c.c.C.[Tomcat].[localhost].[/] - Initializing Spring DispatcherServlet 'dispatcherServlet'
2026-05-25 04:13:18 - http-nio-8083-exec-1 - INFO - o.s.web.servlet.DispatcherServlet - Initializing Servlet 'dispatcherServlet'
2026-05-25 04:13:18 - http-nio-8083-exec-1 - INFO - o.s.web.servlet.DispatcherServlet - Completed initialization in 5 ms
2026-05-25 04:13:44 - DiscoveryClient-CacheRefreshExecutor-%d - INFO - c.netflix.discovery.DiscoveryClient - Disable delta property : false
2026-05-25 04:13:44 - DiscoveryClient-CacheRefreshExecutor-%d - INFO - c.netflix.discovery.DiscoveryClient - Single vip registry refresh property : null
2026-05-25 04:13:44 - DiscoveryClient-CacheRefreshExecutor-%d - INFO - c.netflix.discovery.DiscoveryClient - Force full registry fetch : false
2026-05-25 04:13:44 - DiscoveryClient-CacheRefreshExecutor-%d - INFO - c.netflix.discovery.DiscoveryClient - Application is null : false
2026-05-25 04:13:44 - DiscoveryClient-CacheRefreshExecutor-%d - INFO - c.netflix.discovery.DiscoveryClient - Registered Applications size is zero : true
2026-05-25 04:13:44 - DiscoveryClient-CacheRefreshExecutor-%d - INFO - c.netflix.discovery.DiscoveryClient - Application version is -1: false
2026-05-25 04:13:44 - DiscoveryClient-CacheRefreshExecutor-%d - INFO - c.netflix.discovery.DiscoveryClient - Getting all instance registry info from the eureka server
2026-05-25 04:13:44 - DiscoveryClient-CacheRefreshExecutor-%d - INFO - c.netflix.discovery.DiscoveryClient - The response status is 200
2026-05-25 04:14:55 - SpringApplicationShutdownHook - INFO - o.s.c.n.e.s.EurekaServiceRegistry - Unregistering application ORDER-MICROSERVICE with eureka with status DOWN
2026-05-25 04:14:55 - SpringApplicationShutdownHook - INFO - c.netflix.discovery.DiscoveryClient - Saw local status change event StatusChangeEvent [timestamp=1779682495384, current=DOWN, previous=UP]
2026-05-25 04:14:55 - DiscoveryClient-InstanceInfoReplicator-%d - INFO - c.netflix.discovery.DiscoveryClient - DiscoveryClient_ORDER-MICROSERVICE/945112037dad:order-microservice:8083: registering service...
2026-05-25 04:14:55 - SpringApplicationShutdownHook - INFO - o.s.boot.tomcat.GracefulShutdown - Commencing graceful shutdown. Waiting for active requests to complete
2026-05-25 04:14:55 - tomcat-shutdown - INFO - o.s.boot.tomcat.GracefulShutdown - Graceful shutdown complete
2026-05-25 04:14:55 - DiscoveryClient-InstanceInfoReplicator-%d - INFO - c.netflix.discovery.DiscoveryClient - DiscoveryClient_ORDER-MICROSERVICE/945112037dad:order-microservice:8083 - registration status: 204
2026-05-25 04:14:55 - SpringApplicationShutdownHook - INFO - o.s.o.j.LocalContainerEntityManagerFactoryBean - Closing JPA EntityManagerFactory for persistence unit 'default'
2026-05-25 04:14:55 - SpringApplicationShutdownHook - INFO - com.zaxxer.hikari.HikariDataSource - HikariPool-1 - Shutdown initiated...
2026-05-25 04:14:55 - SpringApplicationShutdownHook - INFO - com.zaxxer.hikari.HikariDataSource - HikariPool-1 - Shutdown completed.
2026-05-25 04:14:55 - SpringApplicationShutdownHook - INFO - c.netflix.discovery.DiscoveryClient - Shutting down DiscoveryClient ...
2026-05-25 04:22:46 - main - INFO - c.p.e.o.OrderMicroserviceApplication - Starting OrderMicroserviceApplication v0.0.1-SNAPSHOT using Java 25.0.3 with PID 1 (/app/app.jar started by root in /app)
2026-05-25 04:22:46 - main - INFO - c.p.e.o.OrderMicroserviceApplication - The following 1 profile is active: "docker"
2026-05-25 04:22:47 - main - INFO - o.s.c.c.c.ConfigServerConfigDataLoader - Fetching config from server at : http://config-server:8888
2026-05-25 04:22:47 - main - INFO - o.s.c.c.c.ConfigServerConfigDataLoader - Located environment: name=application, profiles=[default], label=null, version=null, state=null
2026-05-25 04:22:47 - main - INFO - o.s.c.c.c.ConfigServerConfigDataLoader - Fetching config from server at : http://localhost:8888
2026-05-25 04:22:47 - main - INFO - o.s.c.c.c.ConfigServerConfigDataLoader - Exception on Url - http://localhost:8888:org.springframework.web.client.ResourceAccessException: I/O error on GET request for "http://localhost:8888/order-microservice/default": Connection refused. Will be trying the next url if available
2026-05-25 04:22:47 - main - WARN - o.s.c.c.c.ConfigServerConfigDataLoader - Could not locate PropertySource ([ConfigServerConfigDataResource@79d743e6 uris = array<String>['http://localhost:8888'], optional = true, profiles = 'default']): I/O error on GET request for "http://localhost:8888/order-microservice/default": Connection refused
2026-05-25 04:22:47 - main - INFO - o.s.c.c.c.ConfigServerConfigDataLoader - Fetching config from server at : http://config-server:8888
2026-05-25 04:22:47 - main - INFO - o.s.c.c.c.ConfigServerConfigDataLoader - Located environment: name=order-microservice, profiles=[docker], label=null, version=null, state=null
2026-05-25 04:22:47 - main - INFO - o.s.c.c.c.ConfigServerConfigDataLoader - Fetching config from server at : http://config-server:8888
2026-05-25 04:22:47 - main - INFO - o.s.c.c.c.ConfigServerConfigDataLoader - Located environment: name=order-microservice, profiles=[default], label=null, version=null, state=null
2026-05-25 04:22:47 - main - INFO - o.s.c.c.c.ConfigServerConfigDataLoader - Fetching config from server at : http://localhost:8888
2026-05-25 04:22:47 - main - INFO - o.s.c.c.c.ConfigServerConfigDataLoader - Exception on Url - http://localhost:8888:org.springframework.web.client.ResourceAccessException: I/O error on GET request for "http://localhost:8888/order-microservice/docker": Connection refused. Will be trying the next url if available
2026-05-25 04:22:47 - main - WARN - o.s.c.c.c.ConfigServerConfigDataLoader - Could not locate PropertySource ([ConfigServerConfigDataResource@53ac845a uris = array<String>['http://localhost:8888'], optional = true, profiles = 'docker']): I/O error on GET request for "http://localhost:8888/order-microservice/docker": Connection refused
2026-05-25 04:22:47 - main - INFO - o.s.c.c.c.ConfigServerConfigDataLoader - Fetching config from server at : http://localhost:8888
2026-05-25 04:22:47 - main - INFO - o.s.c.c.c.ConfigServerConfigDataLoader - Exception on Url - http://localhost:8888:org.springframework.web.client.ResourceAccessException: I/O error on GET request for "http://localhost:8888/order-microservice/default": Connection refused. Will be trying the next url if available
2026-05-25 04:22:47 - main - WARN - o.s.c.c.c.ConfigServerConfigDataLoader - Could not locate PropertySource ([ConfigServerConfigDataResource@5136207f uris = array<String>['http://localhost:8888'], optional = true, profiles = 'default']): I/O error on GET request for "http://localhost:8888/order-microservice/default": Connection refused
2026-05-25 04:22:55 - main - INFO - o.s.d.r.c.RepositoryConfigurationDelegate - Bootstrapping Spring Data JPA repositories in DEFAULT mode.
2026-05-25 04:22:56 - main - INFO - o.s.d.r.c.RepositoryConfigurationDelegate - Finished Spring Data repository scanning in 907 ms. Found 1 JPA repository interface.
2026-05-25 04:22:58 - main - INFO - o.s.cloud.context.scope.GenericScope - BeanFactory id=83256ec7-0d52-39de-b843-745e69602f0c
2026-05-25 04:23:01 - main - INFO - o.s.boot.tomcat.TomcatWebServer - Tomcat initialized with port 8083 (http)
2026-05-25 04:23:01 - main - INFO - o.a.catalina.core.StandardService - Starting service [Tomcat]
2026-05-25 04:23:01 - main - INFO - o.a.catalina.core.StandardEngine - Starting Servlet engine: [Apache Tomcat/11.0.21]
2026-05-25 04:23:01 - main - INFO - o.s.b.w.c.s.WebApplicationContextInitializer - Root WebApplicationContext: initialization completed in 14254 ms
2026-05-25 04:23:03 - main - INFO - org.hibernate.orm.jpa - HHH008540: Processing PersistenceUnitInfo [name: default]
2026-05-25 04:23:03 - main - INFO - org.hibernate.orm.core - HHH000001: Hibernate ORM core version 7.2.12.Final
2026-05-25 04:23:06 - main - INFO - o.s.o.j.p.SpringPersistenceUnitInfo - No LoadTimeWeaver setup: ignoring JPA class transformer
2026-05-25 04:23:07 - main - INFO - com.zaxxer.hikari.HikariDataSource - HikariPool-1 - Starting...
2026-05-25 04:23:08 - main - INFO - com.zaxxer.hikari.pool.HikariPool - HikariPool-1 - Added connection org.postgresql.jdbc.PgConnection@47cf922d
2026-05-25 04:23:08 - main - INFO - com.zaxxer.hikari.HikariDataSource - HikariPool-1 - Start completed.
2026-05-25 04:23:08 - main - WARN - org.hibernate.orm.deprecation - HHH90000025: PostgreSQLDialect does not need to be specified explicitly using 'hibernate.dialect' (remove the property setting and it will be selected by default)
2026-05-25 04:23:08 - main - INFO - o.hibernate.orm.connections.pooling - HHH10001005: Database info:
	Database JDBC URL [jdbc:postgresql://order_db:5432/orderdb]
	Database driver: PostgreSQL JDBC Driver
	Database dialect: PostgreSQLDialect
	Database version: 16.13
	Default catalog/schema: orderdb/public
	Autocommit mode: undefined/unknown
	Isolation level: READ_COMMITTED [default READ_COMMITTED]
	JDBC fetch size: none
	Pool: DataSourceConnectionProvider
	Minimum pool size: undefined/unknown
	Maximum pool size: undefined/unknown
2026-05-25 04:23:12 - main - INFO - org.hibernate.orm.core - HHH000489: No JTA platform available (set 'hibernate.transaction.jta.platform' to enable JTA platform integration)
2026-05-25 04:23:12 - main - INFO - o.s.o.j.LocalContainerEntityManagerFactoryBean - Initialized JPA EntityManagerFactory for persistence unit 'default'
2026-05-25 04:23:13 - main - INFO - o.s.d.j.r.q.QueryEnhancerFactories - Hibernate is in classpath; If applicable, HQL parser will be used.
2026-05-25 04:23:14 - main - WARN - o.s.b.j.a.JpaBaseConfiguration$JpaWebConfiguration - spring.jpa.open-in-view is enabled by default. Therefore, database queries may be performed during view rendering. Explicitly configure spring.jpa.open-in-view to disable this warning
2026-05-25 04:23:14 - main - INFO - o.s.c.o.FeignClientFactoryBean - For 'product-microservice' URL not provided. Will try picking an instance via load-balancing.
2026-05-25 04:23:17 - main - INFO - o.s.c.n.e.c.DiscoveryClientOptionalArgsConfiguration - Eureka HTTP Client uses RestClient.
2026-05-25 04:23:17 - main - WARN - o.s.c.l.c.LoadBalancerCacheAutoConfiguration$LoadBalancerCaffeineWarnLogger - Spring Cloud LoadBalancer is currently working with the default cache. While this cache implementation is useful for development and tests, it's recommended to use Caffeine cache in production.You can switch to using Caffeine cache, by adding it and org.springframework.cache.caffeine.CaffeineCacheManager to the classpath.
2026-05-25 04:23:17 - main - INFO - o.s.b.a.e.web.EndpointLinksResolver - Exposing 1 endpoint beneath base path '/actuator'
2026-05-25 04:23:17 - main - INFO - o.s.c.n.eureka.InstanceInfoFactory - Setting initial instance status as: STARTING
2026-05-25 04:23:17 - main - INFO - c.netflix.discovery.DiscoveryClient - Initializing Eureka in region us-east-1
2026-05-25 04:23:17 - main - INFO - c.n.d.s.r.aws.ConfigClusterResolver - Resolving eureka endpoints via configuration
2026-05-25 04:23:17 - main - INFO - c.netflix.discovery.DiscoveryClient - Disable delta property : false
2026-05-25 04:23:17 - main - INFO - c.netflix.discovery.DiscoveryClient - Single vip registry refresh property : null
2026-05-25 04:23:17 - main - INFO - c.netflix.discovery.DiscoveryClient - Force full registry fetch : false
2026-05-25 04:23:17 - main - INFO - c.netflix.discovery.DiscoveryClient - Application is null : false
2026-05-25 04:23:17 - main - INFO - c.netflix.discovery.DiscoveryClient - Registered Applications size is zero : true
2026-05-25 04:23:17 - main - INFO - c.netflix.discovery.DiscoveryClient - Application version is -1: true
2026-05-25 04:23:17 - main - INFO - c.netflix.discovery.DiscoveryClient - Getting all instance registry info from the eureka server
2026-05-25 04:23:18 - main - INFO - c.netflix.discovery.DiscoveryClient - The response status is 200
2026-05-25 04:23:18 - main - INFO - c.netflix.discovery.DiscoveryClient - Starting heartbeat executor: renew interval is: 30
2026-05-25 04:23:18 - main - INFO - c.n.discovery.InstanceInfoReplicator - InstanceInfoReplicator onDemand update allowed rate per min is 4
2026-05-25 04:23:18 - main - INFO - c.netflix.discovery.DiscoveryClient - Discovery Client initialized at timestamp 1779682998518 with initial instances count: 0
2026-05-25 04:23:18 - main - INFO - o.s.c.n.e.s.EurekaServiceRegistry - Registering application ORDER-MICROSERVICE with eureka with status UP
2026-05-25 04:23:18 - main - INFO - c.netflix.discovery.DiscoveryClient - Saw local status change event StatusChangeEvent [timestamp=1779682998528, current=UP, previous=STARTING]
2026-05-25 04:23:18 - DiscoveryClient-InstanceInfoReplicator-%d - INFO - c.netflix.discovery.DiscoveryClient - DiscoveryClient_ORDER-MICROSERVICE/5be228b565f8:order-microservice:8083: registering service...
2026-05-25 04:23:18 - main - INFO - o.s.boot.tomcat.TomcatWebServer - Tomcat started on port 8083 (http) with context path '/'
2026-05-25 04:23:18 - main - INFO - o.s.c.n.e.s.EurekaAutoServiceRegistration - Updating port to 8083
2026-05-25 04:23:18 - main - INFO - c.p.e.o.OrderMicroserviceApplication - Started OrderMicroserviceApplication in 39.799 seconds (process running for 42.776)
2026-05-25 04:23:18 - DiscoveryClient-InstanceInfoReplicator-%d - INFO - c.netflix.discovery.DiscoveryClient - DiscoveryClient_ORDER-MICROSERVICE/5be228b565f8:order-microservice:8083 - registration status: 204
2026-05-25 04:23:26 - http-nio-8083-exec-1 - INFO - o.a.c.c.C.[Tomcat].[localhost].[/] - Initializing Spring DispatcherServlet 'dispatcherServlet'
2026-05-25 04:23:26 - http-nio-8083-exec-1 - INFO - o.s.web.servlet.DispatcherServlet - Initializing Servlet 'dispatcherServlet'
2026-05-25 04:23:26 - http-nio-8083-exec-1 - INFO - o.s.web.servlet.DispatcherServlet - Completed initialization in 2 ms
2026-05-25 04:23:48 - DiscoveryClient-CacheRefreshExecutor-%d - INFO - c.netflix.discovery.DiscoveryClient - Disable delta property : false
2026-05-25 04:23:48 - DiscoveryClient-CacheRefreshExecutor-%d - INFO - c.netflix.discovery.DiscoveryClient - Single vip registry refresh property : null
2026-05-25 04:23:48 - DiscoveryClient-CacheRefreshExecutor-%d - INFO - c.netflix.discovery.DiscoveryClient - Force full registry fetch : false
2026-05-25 04:23:48 - DiscoveryClient-CacheRefreshExecutor-%d - INFO - c.netflix.discovery.DiscoveryClient - Application is null : false
2026-05-25 04:23:48 - DiscoveryClient-CacheRefreshExecutor-%d - INFO - c.netflix.discovery.DiscoveryClient - Registered Applications size is zero : true
2026-05-25 04:23:48 - DiscoveryClient-CacheRefreshExecutor-%d - INFO - c.netflix.discovery.DiscoveryClient - Application version is -1: false
2026-05-25 04:23:48 - DiscoveryClient-CacheRefreshExecutor-%d - INFO - c.netflix.discovery.DiscoveryClient - Getting all instance registry info from the eureka server
2026-05-25 04:23:48 - DiscoveryClient-CacheRefreshExecutor-%d - INFO - c.netflix.discovery.DiscoveryClient - The response status is 200
2026-05-25 04:24:27 - SpringApplicationShutdownHook - INFO - o.s.c.n.e.s.EurekaServiceRegistry - Unregistering application ORDER-MICROSERVICE with eureka with status DOWN
2026-05-25 04:24:27 - SpringApplicationShutdownHook - INFO - c.netflix.discovery.DiscoveryClient - Saw local status change event StatusChangeEvent [timestamp=1779683067439, current=DOWN, previous=UP]
2026-05-25 04:24:27 - DiscoveryClient-InstanceInfoReplicator-%d - INFO - c.netflix.discovery.DiscoveryClient - DiscoveryClient_ORDER-MICROSERVICE/5be228b565f8:order-microservice:8083: registering service...
2026-05-25 04:24:27 - SpringApplicationShutdownHook - INFO - o.s.boot.tomcat.GracefulShutdown - Commencing graceful shutdown. Waiting for active requests to complete
2026-05-25 04:24:27 - tomcat-shutdown - INFO - o.s.boot.tomcat.GracefulShutdown - Graceful shutdown complete
2026-05-25 04:24:27 - DiscoveryClient-InstanceInfoReplicator-%d - INFO - c.netflix.discovery.DiscoveryClient - DiscoveryClient_ORDER-MICROSERVICE/5be228b565f8:order-microservice:8083 - registration status: 204
2026-05-25 04:24:27 - SpringApplicationShutdownHook - INFO - o.s.o.j.LocalContainerEntityManagerFactoryBean - Closing JPA EntityManagerFactory for persistence unit 'default'
2026-05-25 04:24:27 - SpringApplicationShutdownHook - INFO - com.zaxxer.hikari.HikariDataSource - HikariPool-1 - Shutdown initiated...
2026-05-25 04:24:27 - SpringApplicationShutdownHook - INFO - com.zaxxer.hikari.HikariDataSource - HikariPool-1 - Shutdown completed.
2026-05-25 04:24:27 - SpringApplicationShutdownHook - INFO - c.netflix.discovery.DiscoveryClient - Shutting down DiscoveryClient ...
2026-05-25 04:24:30 - SpringApplicationShutdownHook - INFO - c.netflix.discovery.DiscoveryClient - Unregistering ...
2026-05-25 04:24:30 - SpringApplicationShutdownHook - INFO - c.netflix.discovery.DiscoveryClient - DiscoveryClient_ORDER-MICROSERVICE/5be228b565f8:order-microservice:8083 - deregister  status: 200
2026-05-25 04:24:30 - SpringApplicationShutdownHook - INFO - c.netflix.discovery.DiscoveryClient - Completed shut down of DiscoveryClient
